2023-12-10 15:17:18,734 - INFO - Fetching recent comments
2023-12-10 15:17:19,145 - ERROR - Error processing comments date range: time data '24235345' does not match format '%Y-%m-%d'
2023-12-10 15:29:03,313 - INFO - Fetching recent comments
2023-12-10 15:29:03,745 - ERROR - Error processing comments date range: time data '23453' does not match format '%Y-%m-%d'
2023-12-10 15:30:24,711 - INFO - Fetching recent comments
2023-12-10 15:30:24,723 - ERROR - Error processing comments date range: Invalid Input Date
2023-12-10 12:06:53,125 - INFO - Fetching recent comments
2023-12-10 12:06:53,156 - ERROR - Error processing recent comments: HTTPConnectionPool(host='0.0.0.0', port=8080): Max retries exceeded with url: /api/v1/subfeddits/?skip=0&limit=10 (Caused by NewConnectionError('<urllib3.connection.HTTPConnection object at 0xffffb5bc9640>: Failed to establish a new connection: [Errno 111] Connection refused'))
2023-12-10 12:16:27,438 - INFO - Fetching recent comments
2023-12-10 12:16:27,448 - ERROR - Error processing recent comments: HTTPConnectionPool(host='0.0.0.0', port=8080): Max retries exceeded with url: /api/v1/subfeddits/?skip=0&limit=10 (Caused by NewConnectionError('<urllib3.connection.HTTPConnection object at 0xffff9109be80>: Failed to establish a new connection: [Errno 111] Connection refused'))
2023-12-10 12:19:33,814 - INFO - Fetching recent comments
2023-12-10 12:19:33,817 - ERROR - Error processing recent comments: HTTPConnectionPool(host='0.0.0.0', port=8080): Max retries exceeded with url: /api/v1/subfeddits/?skip=0&limit=10 (Caused by NewConnectionError('<urllib3.connection.HTTPConnection object at 0xffff910bd340>: Failed to establish a new connection: [Errno 111] Connection refused'))
2023-12-10 12:23:33,348 - INFO - Fetching recent comments
2023-12-10 12:23:33,351 - ERROR - Error processing recent comments: HTTPConnectionPool(host='0.0.0.0', port=8080): Max retries exceeded with url: /api/v1/subfeddits/?skip=0&limit=10 (Caused by NewConnectionError('<urllib3.connection.HTTPConnection object at 0xffffb11d7e80>: Failed to establish a new connection: [Errno 111] Connection refused'))
2023-12-10 12:24:02,637 - INFO - Fetching recent comments
2023-12-10 12:24:02,640 - ERROR - Error processing recent comments: HTTPConnectionPool(host='0.0.0.0', port=8080): Max retries exceeded with url: /api/v1/subfeddits/?skip=0&limit=10 (Caused by NewConnectionError('<urllib3.connection.HTTPConnection object at 0xffff89a30e50>: Failed to establish a new connection: [Errno 111] Connection refused'))
2023-12-10 12:24:34,756 - INFO - Fetching recent comments
2023-12-10 12:24:34,759 - ERROR - Error processing recent comments: HTTPConnectionPool(host='0.0.0.0', port=8080): Max retries exceeded with url: /api/v1/subfeddits/?skip=0&limit=10 (Caused by NewConnectionError('<urllib3.connection.HTTPConnection object at 0xffff8211de50>: Failed to establish a new connection: [Errno 111] Connection refused'))
2023-12-10 12:36:43,490 - INFO - Fetching recent comments
2023-12-10 12:36:43,494 - ERROR - Error processing recent comments: HTTPConnectionPool(host='0.0.0.0', port=8080): Max retries exceeded with url: /api/v1/subfeddits/?skip=0&limit=10 (Caused by NewConnectionError('<urllib3.connection.HTTPConnection object at 0xffffa020bd30>: Failed to establish a new connection: [Errno 111] Connection refused'))
2023-12-10 12:38:59,973 - INFO - Fetching recent comments
2023-12-10 12:38:59,975 - ERROR - Error processing recent comments: HTTPConnectionPool(host='0.0.0.0', port=8080): Max retries exceeded with url: /api/v1/subfeddits/?skip=0&limit=10 (Caused by NewConnectionError('<urllib3.connection.HTTPConnection object at 0xffffa4757880>: Failed to establish a new connection: [Errno 111] Connection refused'))
2023-12-10 12:39:14,301 - INFO - Fetching recent comments
2023-12-10 12:39:14,304 - ERROR - Error processing recent comments: HTTPConnectionPool(host='0.0.0.0', port=8080): Max retries exceeded with url: /api/v1/subfeddits/?skip=0&limit=10 (Caused by NewConnectionError('<urllib3.connection.HTTPConnection object at 0xffffa4738310>: Failed to establish a new connection: [Errno 111] Connection refused'))
2023-12-10 18:10:53,567 - INFO - Fetching recent comments
2023-12-10 18:10:54,097 - INFO - Processed recent comments successfully
2023-12-10 12:46:47,182 - INFO - Fetching recent comments
2023-12-10 12:46:47,192 - ERROR - Error processing recent comments: HTTPConnectionPool(host='0.0.0.0', port=8080): Max retries exceeded with url: /api/v1/subfeddits/?skip=0&limit=10 (Caused by NewConnectionError('<urllib3.connection.HTTPConnection object at 0xffffa77b0d00>: Failed to establish a new connection: [Errno 111] Connection refused'))
2023-12-10 12:50:27,868 - INFO - Fetching recent comments
2023-12-10 12:50:27,873 - ERROR - Error processing recent comments: HTTPConnectionPool(host='0.0.0.0', port=8080): Max retries exceeded with url: /api/v1/subfeddits/?skip=0&limit=10 (Caused by NewConnectionError('<urllib3.connection.HTTPConnection object at 0xffff7c30be50>: Failed to establish a new connection: [Errno 111] Connection refused'))
2023-12-10 12:51:09,477 - INFO - Fetching recent comments
2023-12-10 12:51:09,482 - ERROR - Error processing recent comments: HTTPConnectionPool(host='0.0.0.0', port=8080): Max retries exceeded with url: /api/v1/subfeddits/?skip=0&limit=10 (Caused by NewConnectionError('<urllib3.connection.HTTPConnection object at 0xffffb1276e80>: Failed to establish a new connection: [Errno 111] Connection refused'))
2023-12-10 13:00:55,804 - INFO - Fetching recent comments
2023-12-10 13:00:55,813 - ERROR - Error processing recent comments: HTTPConnectionPool(host='0.0.0.0', port=8080): Max retries exceeded with url: /api/v1/subfeddits/?skip=0&limit=10 (Caused by NewConnectionError('<urllib3.connection.HTTPConnection object at 0xffffb12992e0>: Failed to establish a new connection: [Errno 111] Connection refused'))
2023-12-10 18:33:22,366 - INFO - Fetching recent comments
2023-12-10 18:33:22,857 - INFO - Processed recent comments successfully
2023-12-10 18:33:32,360 - INFO - Fetching recent comments
2023-12-10 18:33:32,650 - INFO - Processed recent comments successfully
2023-12-10 18:33:37,358 - INFO - Fetching recent comments
2023-12-10 18:33:37,676 - INFO - Processed recent comments successfully
2023-12-10 18:33:42,181 - INFO - Fetching recent comments
2023-12-10 18:33:42,280 - INFO - Processed recent comments successfully
2023-12-10 18:33:49,271 - INFO - Fetching recent comments
2023-12-10 18:33:49,368 - INFO - Processed recent comments successfully
2023-12-10 18:34:40,624 - INFO - Fetching recent comments
2023-12-10 18:34:40,938 - INFO - Processed comments date range successfully
2023-12-10 18:36:04,208 - INFO - Fetching recent comments
2023-12-10 18:36:04,213 - ERROR - Error processing comments date range: Invalid Input Date
2023-12-10 18:36:56,576 - INFO - Fetching recent comments
2023-12-10 18:36:56,577 - ERROR - Error processing comments date range: Invalid Input Date
2023-12-10 18:41:45,270 - INFO - Fetching recent comments
2023-12-10 18:41:45,677 - INFO - Processed recent comments successfully
2023-12-10 18:50:35,568 - INFO - Fetching recent comments
2023-12-10 18:50:35,995 - INFO - Processed recent comments successfully
2023-12-10 18:52:34,981 - INFO - Fetching recent comments
2023-12-10 18:52:35,382 - INFO - Processed recent comments successfully
2023-12-10 18:53:46,635 - INFO - Fetching recent comments
2023-12-10 18:53:47,086 - INFO - Processed recent comments successfully
2023-12-10 18:53:48,407 - INFO - Fetching recent comments
2023-12-10 18:53:48,694 - INFO - Processed recent comments successfully
2023-12-10 18:53:58,229 - INFO - Fetching recent comments
2023-12-10 18:53:58,539 - INFO - Processed recent comments successfully
2023-12-10 19:07:35,026 - INFO - Fetching recent comments
2023-12-10 19:07:35,466 - INFO - Processed recent comments successfully
2023-12-10 19:07:57,435 - INFO - Fetching recent comments
2023-12-10 19:07:57,755 - INFO - Processed recent comments successfully
2023-12-10 19:09:39,999 - INFO - Fetching recent comments
2023-12-10 19:09:40,419 - INFO - Processed recent comments successfully
2023-12-10 19:09:53,348 - INFO - Fetching recent comments
2023-12-10 19:09:53,656 - INFO - Processed recent comments successfully
2023-12-10 19:21:28,853 - INFO - Fetching recent comments
2023-12-10 19:21:29,296 - INFO - Processed recent comments successfully
2023-12-10 19:33:13,383 - INFO - Fetching recent comments
2023-12-10 19:33:13,791 - INFO - Processed recent comments successfully
2023-12-10 19:42:50,756 - INFO - Fetching recent comments
2023-12-10 19:42:50,901 - ERROR - Error processing recent comments: name 'logger' is not defined
2023-12-10 19:44:11,230 - INFO - Fetching recent comments
2023-12-10 19:44:11,405 - INFO - Id_list fetched from given Title
2023-12-10 19:44:11,673 - INFO - Comment_list fetched from given Ids
2023-12-10 19:44:11,777 - ERROR - Error processing recent comments: 'created_at'
2023-12-10 19:44:11,777 - ERROR - Error processing recent comments: 
2023-12-10 19:52:33,636 - INFO - Fetching recent comments
2023-12-10 19:52:33,749 - INFO - Id_list fetched from given Title
2023-12-10 19:52:34,010 - INFO - Comment_list fetched from given Ids
2023-12-10 19:52:34,084 - INFO - Polarity info sorted by created_at fetched for given comments
2023-12-10 19:52:34,084 - INFO - Processed recent comments successfully
2023-12-10 19:56:26,199 - INFO - Fetching recent comments
2023-12-10 19:56:26,357 - INFO - Id_list fetched from given Title
2023-12-10 19:56:26,614 - INFO - Comment_list fetched from given Ids
2023-12-10 19:56:26,635 - INFO - Polarity info sorted by created_at fetched for given comments
2023-12-10 19:56:26,635 - INFO - Processed recent comments successfully
2023-12-10 19:58:26,042 - INFO - Fetching recent comments
2023-12-10 19:58:26,191 - INFO - Id_list fetched from given Title
2023-12-10 19:58:26,432 - INFO - Comment_list fetched from given Ids
2023-12-10 19:58:26,454 - INFO - Polarity info sorted by created_at fetched for given comments
2023-12-10 19:58:26,455 - INFO - Processed recent comments successfully
2023-12-10 20:01:29,509 - INFO - Fetching recent comments
2023-12-10 20:01:29,657 - INFO - Id_list fetched from given Title
2023-12-10 20:01:30,002 - INFO - Comment_list fetched from given Ids
2023-12-10 20:01:30,081 - INFO - Polarity info sorted by created_at fetched for given comments
2023-12-10 20:01:30,082 - INFO - Selected fields given
2023-12-10 20:01:30,082 - INFO - Calling select_fields util
2023-12-10 20:01:30,082 - INFO - After call to select_fields util
2023-12-10 20:01:30,082 - INFO - Calling select_fields util
2023-12-10 20:01:30,082 - INFO - After call to select_fields util
2023-12-10 20:01:30,082 - INFO - Calling select_fields util
2023-12-10 20:01:30,082 - INFO - After call to select_fields util
2023-12-10 20:01:30,082 - INFO - Calling select_fields util
2023-12-10 20:01:30,082 - INFO - After call to select_fields util
2023-12-10 20:01:30,082 - INFO - Calling select_fields util
2023-12-10 20:01:30,082 - INFO - After call to select_fields util
2023-12-10 20:01:30,082 - INFO - Calling select_fields util
2023-12-10 20:01:30,082 - INFO - After call to select_fields util
2023-12-10 20:01:30,082 - INFO - Calling select_fields util
2023-12-10 20:01:30,082 - INFO - After call to select_fields util
2023-12-10 20:01:30,082 - INFO - Calling select_fields util
2023-12-10 20:01:30,082 - INFO - After call to select_fields util
2023-12-10 20:01:30,082 - INFO - Calling select_fields util
2023-12-10 20:01:30,082 - INFO - After call to select_fields util
2023-12-10 20:01:30,082 - INFO - Calling select_fields util
2023-12-10 20:01:30,082 - INFO - After call to select_fields util
2023-12-10 20:01:30,083 - INFO - Calling select_fields util
2023-12-10 20:01:30,083 - INFO - After call to select_fields util
2023-12-10 20:01:30,083 - INFO - Calling select_fields util
2023-12-10 20:01:30,083 - INFO - After call to select_fields util
2023-12-10 20:01:30,083 - INFO - Calling select_fields util
2023-12-10 20:01:30,083 - INFO - After call to select_fields util
2023-12-10 20:01:30,083 - INFO - Calling select_fields util
2023-12-10 20:01:30,083 - INFO - After call to select_fields util
2023-12-10 20:01:30,083 - INFO - Calling select_fields util
2023-12-10 20:01:30,083 - INFO - After call to select_fields util
2023-12-10 20:01:30,083 - INFO - Calling select_fields util
2023-12-10 20:01:30,083 - INFO - After call to select_fields util
2023-12-10 20:01:30,083 - INFO - Calling select_fields util
2023-12-10 20:01:30,083 - INFO - After call to select_fields util
2023-12-10 20:01:30,083 - INFO - Calling select_fields util
2023-12-10 20:01:30,083 - INFO - After call to select_fields util
2023-12-10 20:01:30,083 - INFO - Calling select_fields util
2023-12-10 20:01:30,083 - INFO - After call to select_fields util
2023-12-10 20:01:30,083 - INFO - Calling select_fields util
2023-12-10 20:01:30,083 - INFO - After call to select_fields util
2023-12-10 20:01:30,083 - INFO - Calling select_fields util
2023-12-10 20:01:30,083 - INFO - After call to select_fields util
2023-12-10 20:01:30,083 - INFO - Calling select_fields util
2023-12-10 20:01:30,083 - INFO - After call to select_fields util
2023-12-10 20:01:30,084 - INFO - Calling select_fields util
2023-12-10 20:01:30,084 - INFO - After call to select_fields util
2023-12-10 20:01:30,084 - INFO - Calling select_fields util
2023-12-10 20:01:30,084 - INFO - After call to select_fields util
2023-12-10 20:01:30,084 - INFO - Calling select_fields util
2023-12-10 20:01:30,084 - INFO - After call to select_fields util
2023-12-10 20:01:30,084 - INFO - Calling select_fields util
2023-12-10 20:01:30,084 - INFO - After call to select_fields util
2023-12-10 20:01:30,084 - INFO - Calling select_fields util
2023-12-10 20:01:30,084 - INFO - After call to select_fields util
2023-12-10 20:01:30,084 - INFO - Calling select_fields util
2023-12-10 20:01:30,084 - INFO - After call to select_fields util
2023-12-10 20:01:30,084 - INFO - Calling select_fields util
2023-12-10 20:01:30,084 - INFO - After call to select_fields util
2023-12-10 20:01:30,084 - INFO - Calling select_fields util
2023-12-10 20:01:30,084 - INFO - After call to select_fields util
2023-12-10 20:01:30,084 - INFO - Calling select_fields util
2023-12-10 20:01:30,084 - INFO - After call to select_fields util
2023-12-10 20:01:30,084 - INFO - Calling select_fields util
2023-12-10 20:01:30,084 - INFO - After call to select_fields util
2023-12-10 20:01:30,084 - INFO - Calling select_fields util
2023-12-10 20:01:30,084 - INFO - After call to select_fields util
2023-12-10 20:01:30,084 - INFO - Calling select_fields util
2023-12-10 20:01:30,084 - INFO - After call to select_fields util
2023-12-10 20:01:30,084 - INFO - Calling select_fields util
2023-12-10 20:01:30,085 - INFO - After call to select_fields util
2023-12-10 20:01:30,085 - INFO - Calling select_fields util
2023-12-10 20:01:30,085 - INFO - After call to select_fields util
2023-12-10 20:01:30,085 - INFO - Calling select_fields util
2023-12-10 20:01:30,085 - INFO - After call to select_fields util
2023-12-10 20:01:30,085 - INFO - Calling select_fields util
2023-12-10 20:01:30,085 - INFO - After call to select_fields util
2023-12-10 20:01:30,085 - INFO - Calling select_fields util
2023-12-10 20:01:30,085 - INFO - After call to select_fields util
2023-12-10 20:01:30,085 - INFO - Calling select_fields util
2023-12-10 20:01:30,085 - INFO - After call to select_fields util
2023-12-10 20:01:30,085 - INFO - Calling select_fields util
2023-12-10 20:01:30,085 - INFO - After call to select_fields util
2023-12-10 20:01:30,085 - INFO - Calling select_fields util
2023-12-10 20:01:30,085 - INFO - After call to select_fields util
2023-12-10 20:01:30,085 - INFO - Calling select_fields util
2023-12-10 20:01:30,085 - INFO - After call to select_fields util
2023-12-10 20:01:30,085 - INFO - Calling select_fields util
2023-12-10 20:01:30,085 - INFO - After call to select_fields util
2023-12-10 20:01:30,085 - INFO - Calling select_fields util
2023-12-10 20:01:30,085 - INFO - After call to select_fields util
2023-12-10 20:01:30,085 - INFO - Calling select_fields util
2023-12-10 20:01:30,085 - INFO - After call to select_fields util
2023-12-10 20:01:30,086 - INFO - Calling select_fields util
2023-12-10 20:01:30,086 - INFO - After call to select_fields util
2023-12-10 20:01:30,086 - INFO - Calling select_fields util
2023-12-10 20:01:30,086 - INFO - After call to select_fields util
2023-12-10 20:01:30,086 - INFO - Calling select_fields util
2023-12-10 20:01:30,086 - INFO - After call to select_fields util
2023-12-10 20:01:30,086 - INFO - Calling select_fields util
2023-12-10 20:01:30,087 - INFO - After call to select_fields util
2023-12-10 20:01:30,087 - INFO - Calling select_fields util
2023-12-10 20:01:30,087 - INFO - After call to select_fields util
2023-12-10 20:01:30,087 - INFO - Calling select_fields util
2023-12-10 20:01:30,087 - INFO - After call to select_fields util
2023-12-10 20:01:30,087 - INFO - Calling select_fields util
2023-12-10 20:01:30,087 - INFO - After call to select_fields util
2023-12-10 20:01:30,087 - INFO - Calling select_fields util
2023-12-10 20:01:30,087 - INFO - After call to select_fields util
2023-12-10 20:01:30,087 - INFO - Calling select_fields util
2023-12-10 20:01:30,087 - INFO - After call to select_fields util
2023-12-10 20:01:30,087 - INFO - Calling select_fields util
2023-12-10 20:01:30,087 - INFO - After call to select_fields util
2023-12-10 20:01:30,087 - INFO - Calling select_fields util
2023-12-10 20:01:30,087 - INFO - After call to select_fields util
2023-12-10 20:01:30,087 - INFO - Calling select_fields util
2023-12-10 20:01:30,087 - INFO - After call to select_fields util
2023-12-10 20:01:30,087 - INFO - Calling select_fields util
2023-12-10 20:01:30,087 - INFO - After call to select_fields util
2023-12-10 20:01:30,088 - INFO - Calling select_fields util
2023-12-10 20:01:30,088 - INFO - After call to select_fields util
2023-12-10 20:01:30,088 - INFO - Processed recent comments successfully
2023-12-10 20:20:42,009 - INFO - Fetching recent comments
2023-12-10 20:20:42,182 - INFO - Id_list fetched from given Title
2023-12-10 20:20:42,458 - INFO - Comment_list fetched from given Ids
2023-12-10 20:20:42,466 - INFO - Polarity info sorted by created_at fetched for given comments
2023-12-10 20:20:42,466 - INFO - Selected fields given
2023-12-10 20:20:42,466 - INFO - Calling select_fields util
2023-12-10 20:20:42,466 - INFO - After call to select_fields util
2023-12-10 20:20:42,466 - INFO - Calling select_fields util
2023-12-10 20:20:42,466 - INFO - After call to select_fields util
2023-12-10 20:20:42,466 - INFO - Calling select_fields util
2023-12-10 20:20:42,466 - INFO - After call to select_fields util
2023-12-10 20:20:42,466 - INFO - Calling select_fields util
2023-12-10 20:20:42,466 - INFO - After call to select_fields util
2023-12-10 20:20:42,466 - INFO - Calling select_fields util
2023-12-10 20:20:42,467 - INFO - After call to select_fields util
2023-12-10 20:20:42,467 - INFO - Calling select_fields util
2023-12-10 20:20:42,467 - INFO - After call to select_fields util
2023-12-10 20:20:42,467 - INFO - Calling select_fields util
2023-12-10 20:20:42,467 - INFO - After call to select_fields util
2023-12-10 20:20:42,467 - INFO - Calling select_fields util
2023-12-10 20:20:42,467 - INFO - After call to select_fields util
2023-12-10 20:20:42,467 - INFO - Calling select_fields util
2023-12-10 20:20:42,467 - INFO - After call to select_fields util
2023-12-10 20:20:42,467 - INFO - Calling select_fields util
2023-12-10 20:20:42,467 - INFO - After call to select_fields util
2023-12-10 20:20:42,467 - INFO - Calling select_fields util
2023-12-10 20:20:42,467 - INFO - After call to select_fields util
2023-12-10 20:20:42,467 - INFO - Calling select_fields util
2023-12-10 20:20:42,467 - INFO - After call to select_fields util
2023-12-10 20:20:42,467 - INFO - Calling select_fields util
2023-12-10 20:20:42,467 - INFO - After call to select_fields util
2023-12-10 20:20:42,467 - INFO - Calling select_fields util
2023-12-10 20:20:42,467 - INFO - After call to select_fields util
2023-12-10 20:20:42,467 - INFO - Calling select_fields util
2023-12-10 20:20:42,467 - INFO - After call to select_fields util
2023-12-10 20:20:42,467 - INFO - Calling select_fields util
2023-12-10 20:20:42,467 - INFO - After call to select_fields util
2023-12-10 20:20:42,467 - INFO - Calling select_fields util
2023-12-10 20:20:42,467 - INFO - After call to select_fields util
2023-12-10 20:20:42,467 - INFO - Calling select_fields util
2023-12-10 20:20:42,467 - INFO - After call to select_fields util
2023-12-10 20:20:42,468 - INFO - Calling select_fields util
2023-12-10 20:20:42,468 - INFO - After call to select_fields util
2023-12-10 20:20:42,468 - INFO - Calling select_fields util
2023-12-10 20:20:42,468 - INFO - After call to select_fields util
2023-12-10 20:20:42,468 - INFO - Calling select_fields util
2023-12-10 20:20:42,468 - INFO - After call to select_fields util
2023-12-10 20:20:42,468 - INFO - Calling select_fields util
2023-12-10 20:20:42,468 - INFO - After call to select_fields util
2023-12-10 20:20:42,468 - INFO - Calling select_fields util
2023-12-10 20:20:42,468 - INFO - After call to select_fields util
2023-12-10 20:20:42,468 - INFO - Calling select_fields util
2023-12-10 20:20:42,468 - INFO - After call to select_fields util
2023-12-10 20:20:42,468 - INFO - Calling select_fields util
2023-12-10 20:20:42,468 - INFO - After call to select_fields util
2023-12-10 20:20:42,468 - INFO - Calling select_fields util
2023-12-10 20:20:42,468 - INFO - After call to select_fields util
2023-12-10 20:20:42,468 - INFO - Calling select_fields util
2023-12-10 20:20:42,468 - INFO - After call to select_fields util
2023-12-10 20:20:42,468 - INFO - Calling select_fields util
2023-12-10 20:20:42,468 - INFO - After call to select_fields util
2023-12-10 20:20:42,468 - INFO - Calling select_fields util
2023-12-10 20:20:42,468 - INFO - After call to select_fields util
2023-12-10 20:20:42,468 - INFO - Calling select_fields util
2023-12-10 20:20:42,468 - INFO - After call to select_fields util
2023-12-10 20:20:42,468 - INFO - Calling select_fields util
2023-12-10 20:20:42,468 - INFO - After call to select_fields util
2023-12-10 20:20:42,468 - INFO - Calling select_fields util
2023-12-10 20:20:42,468 - INFO - After call to select_fields util
2023-12-10 20:20:42,468 - INFO - Calling select_fields util
2023-12-10 20:20:42,469 - INFO - After call to select_fields util
2023-12-10 20:20:42,469 - INFO - Calling select_fields util
2023-12-10 20:20:42,469 - INFO - After call to select_fields util
2023-12-10 20:20:42,469 - INFO - Calling select_fields util
2023-12-10 20:20:42,469 - INFO - After call to select_fields util
2023-12-10 20:20:42,469 - INFO - Calling select_fields util
2023-12-10 20:20:42,469 - INFO - After call to select_fields util
2023-12-10 20:20:42,469 - INFO - Calling select_fields util
2023-12-10 20:20:42,469 - INFO - After call to select_fields util
2023-12-10 20:20:42,469 - INFO - Calling select_fields util
2023-12-10 20:20:42,469 - INFO - After call to select_fields util
2023-12-10 20:20:42,469 - INFO - Calling select_fields util
2023-12-10 20:20:42,469 - INFO - After call to select_fields util
2023-12-10 20:20:42,469 - INFO - Calling select_fields util
2023-12-10 20:20:42,469 - INFO - After call to select_fields util
2023-12-10 20:20:42,469 - INFO - Calling select_fields util
2023-12-10 20:20:42,469 - INFO - After call to select_fields util
2023-12-10 20:20:42,469 - INFO - Calling select_fields util
2023-12-10 20:20:42,469 - INFO - After call to select_fields util
2023-12-10 20:20:42,469 - INFO - Calling select_fields util
2023-12-10 20:20:42,469 - INFO - After call to select_fields util
2023-12-10 20:20:42,469 - INFO - Calling select_fields util
2023-12-10 20:20:42,469 - INFO - After call to select_fields util
2023-12-10 20:20:42,469 - INFO - Calling select_fields util
2023-12-10 20:20:42,469 - INFO - After call to select_fields util
2023-12-10 20:20:42,469 - INFO - Calling select_fields util
2023-12-10 20:20:42,469 - INFO - After call to select_fields util
2023-12-10 20:20:42,469 - INFO - Calling select_fields util
2023-12-10 20:20:42,469 - INFO - After call to select_fields util
2023-12-10 20:20:42,470 - INFO - Calling select_fields util
2023-12-10 20:20:42,470 - INFO - After call to select_fields util
2023-12-10 20:20:42,470 - INFO - Calling select_fields util
2023-12-10 20:20:42,470 - INFO - After call to select_fields util
2023-12-10 20:20:42,470 - INFO - Calling select_fields util
2023-12-10 20:20:42,470 - INFO - After call to select_fields util
2023-12-10 20:20:42,470 - INFO - Calling select_fields util
2023-12-10 20:20:42,470 - INFO - After call to select_fields util
2023-12-10 20:20:42,470 - INFO - Calling select_fields util
2023-12-10 20:20:42,470 - INFO - After call to select_fields util
2023-12-10 20:20:42,470 - INFO - Calling select_fields util
2023-12-10 20:20:42,470 - INFO - After call to select_fields util
2023-12-10 20:20:42,470 - INFO - Calling select_fields util
2023-12-10 20:20:42,470 - INFO - After call to select_fields util
2023-12-10 20:20:42,470 - INFO - Calling select_fields util
2023-12-10 20:20:42,470 - INFO - After call to select_fields util
2023-12-10 20:20:42,470 - INFO - Calling select_fields util
2023-12-10 20:20:42,470 - INFO - After call to select_fields util
2023-12-10 20:20:42,470 - INFO - Calling select_fields util
2023-12-10 20:20:42,470 - INFO - After call to select_fields util
2023-12-10 20:20:42,470 - INFO - Calling select_fields util
2023-12-10 20:20:42,470 - INFO - After call to select_fields util
2023-12-10 20:20:42,470 - INFO - Calling select_fields util
2023-12-10 20:20:42,470 - INFO - After call to select_fields util
2023-12-10 20:20:42,470 - INFO - Calling select_fields util
2023-12-10 20:20:42,470 - INFO - After call to select_fields util
2023-12-10 20:20:42,470 - INFO - Processed recent comments successfully
2023-12-10 20:20:53,016 - INFO - Fetching recent comments
2023-12-10 20:20:53,116 - INFO - Id_list fetched from given Title
2023-12-10 20:20:53,291 - INFO - Comment_list fetched from given Ids
2023-12-10 20:20:53,314 - INFO - Polarity info sorted by created_at fetched for given comments
2023-12-10 20:20:53,315 - INFO - Selected fields given
2023-12-10 20:20:53,315 - INFO - Calling select_fields util
2023-12-10 20:20:53,315 - INFO - After call to select_fields util
2023-12-10 20:20:53,315 - INFO - Calling select_fields util
2023-12-10 20:20:53,315 - INFO - After call to select_fields util
2023-12-10 20:20:53,315 - INFO - Calling select_fields util
2023-12-10 20:20:53,315 - INFO - After call to select_fields util
2023-12-10 20:20:53,315 - INFO - Calling select_fields util
2023-12-10 20:20:53,315 - INFO - After call to select_fields util
2023-12-10 20:20:53,315 - INFO - Calling select_fields util
2023-12-10 20:20:53,315 - INFO - After call to select_fields util
2023-12-10 20:20:53,315 - INFO - Calling select_fields util
2023-12-10 20:20:53,315 - INFO - After call to select_fields util
2023-12-10 20:20:53,315 - INFO - Calling select_fields util
2023-12-10 20:20:53,315 - INFO - After call to select_fields util
2023-12-10 20:20:53,315 - INFO - Calling select_fields util
2023-12-10 20:20:53,315 - INFO - After call to select_fields util
2023-12-10 20:20:53,315 - INFO - Calling select_fields util
2023-12-10 20:20:53,315 - INFO - After call to select_fields util
2023-12-10 20:20:53,315 - INFO - Calling select_fields util
2023-12-10 20:20:53,315 - INFO - After call to select_fields util
2023-12-10 20:20:53,315 - INFO - Calling select_fields util
2023-12-10 20:20:53,316 - INFO - After call to select_fields util
2023-12-10 20:20:53,316 - INFO - Calling select_fields util
2023-12-10 20:20:53,316 - INFO - After call to select_fields util
2023-12-10 20:20:53,316 - INFO - Calling select_fields util
2023-12-10 20:20:53,316 - INFO - After call to select_fields util
2023-12-10 20:20:53,316 - INFO - Calling select_fields util
2023-12-10 20:20:53,316 - INFO - After call to select_fields util
2023-12-10 20:20:53,316 - INFO - Calling select_fields util
2023-12-10 20:20:53,316 - INFO - After call to select_fields util
2023-12-10 20:20:53,316 - INFO - Calling select_fields util
2023-12-10 20:20:53,316 - INFO - After call to select_fields util
2023-12-10 20:20:53,316 - INFO - Calling select_fields util
2023-12-10 20:20:53,316 - INFO - After call to select_fields util
2023-12-10 20:20:53,316 - INFO - Calling select_fields util
2023-12-10 20:20:53,316 - INFO - After call to select_fields util
2023-12-10 20:20:53,316 - INFO - Calling select_fields util
2023-12-10 20:20:53,316 - INFO - After call to select_fields util
2023-12-10 20:20:53,316 - INFO - Calling select_fields util
2023-12-10 20:20:53,316 - INFO - After call to select_fields util
2023-12-10 20:20:53,316 - INFO - Calling select_fields util
2023-12-10 20:20:53,316 - INFO - After call to select_fields util
2023-12-10 20:20:53,316 - INFO - Calling select_fields util
2023-12-10 20:20:53,316 - INFO - After call to select_fields util
2023-12-10 20:20:53,316 - INFO - Calling select_fields util
2023-12-10 20:20:53,316 - INFO - After call to select_fields util
2023-12-10 20:20:53,316 - INFO - Calling select_fields util
2023-12-10 20:20:53,316 - INFO - After call to select_fields util
2023-12-10 20:20:53,316 - INFO - Calling select_fields util
2023-12-10 20:20:53,317 - INFO - After call to select_fields util
2023-12-10 20:20:53,317 - INFO - Calling select_fields util
2023-12-10 20:20:53,317 - INFO - After call to select_fields util
2023-12-10 20:20:53,317 - INFO - Calling select_fields util
2023-12-10 20:20:53,317 - INFO - After call to select_fields util
2023-12-10 20:20:53,317 - INFO - Calling select_fields util
2023-12-10 20:20:53,317 - INFO - After call to select_fields util
2023-12-10 20:20:53,317 - INFO - Calling select_fields util
2023-12-10 20:20:53,317 - INFO - After call to select_fields util
2023-12-10 20:20:53,317 - INFO - Calling select_fields util
2023-12-10 20:20:53,317 - INFO - After call to select_fields util
2023-12-10 20:20:53,317 - INFO - Calling select_fields util
2023-12-10 20:20:53,317 - INFO - After call to select_fields util
2023-12-10 20:20:53,317 - INFO - Calling select_fields util
2023-12-10 20:20:53,317 - INFO - After call to select_fields util
2023-12-10 20:20:53,317 - INFO - Calling select_fields util
2023-12-10 20:20:53,317 - INFO - After call to select_fields util
2023-12-10 20:20:53,317 - INFO - Calling select_fields util
2023-12-10 20:20:53,317 - INFO - After call to select_fields util
2023-12-10 20:20:53,317 - INFO - Calling select_fields util
2023-12-10 20:20:53,317 - INFO - After call to select_fields util
2023-12-10 20:20:53,317 - INFO - Calling select_fields util
2023-12-10 20:20:53,317 - INFO - After call to select_fields util
2023-12-10 20:20:53,317 - INFO - Calling select_fields util
2023-12-10 20:20:53,317 - INFO - After call to select_fields util
2023-12-10 20:20:53,317 - INFO - Calling select_fields util
2023-12-10 20:20:53,317 - INFO - After call to select_fields util
2023-12-10 20:20:53,317 - INFO - Calling select_fields util
2023-12-10 20:20:53,318 - INFO - After call to select_fields util
2023-12-10 20:20:53,318 - INFO - Calling select_fields util
2023-12-10 20:20:53,318 - INFO - After call to select_fields util
2023-12-10 20:20:53,318 - INFO - Calling select_fields util
2023-12-10 20:20:53,318 - INFO - After call to select_fields util
2023-12-10 20:20:53,318 - INFO - Calling select_fields util
2023-12-10 20:20:53,318 - INFO - After call to select_fields util
2023-12-10 20:20:53,318 - INFO - Calling select_fields util
2023-12-10 20:20:53,318 - INFO - After call to select_fields util
2023-12-10 20:20:53,318 - INFO - Calling select_fields util
2023-12-10 20:20:53,318 - INFO - After call to select_fields util
2023-12-10 20:20:53,318 - INFO - Calling select_fields util
2023-12-10 20:20:53,318 - INFO - After call to select_fields util
2023-12-10 20:20:53,318 - INFO - Calling select_fields util
2023-12-10 20:20:53,318 - INFO - After call to select_fields util
2023-12-10 20:20:53,318 - INFO - Calling select_fields util
2023-12-10 20:20:53,318 - INFO - After call to select_fields util
2023-12-10 20:20:53,318 - INFO - Calling select_fields util
2023-12-10 20:20:53,318 - INFO - After call to select_fields util
2023-12-10 20:20:53,318 - INFO - Calling select_fields util
2023-12-10 20:20:53,318 - INFO - After call to select_fields util
2023-12-10 20:20:53,318 - INFO - Calling select_fields util
2023-12-10 20:20:53,318 - INFO - After call to select_fields util
2023-12-10 20:20:53,318 - INFO - Calling select_fields util
2023-12-10 20:20:53,318 - INFO - After call to select_fields util
2023-12-10 20:20:53,318 - INFO - Calling select_fields util
2023-12-10 20:20:53,319 - INFO - After call to select_fields util
2023-12-10 20:20:53,319 - INFO - Calling select_fields util
2023-12-10 20:20:53,319 - INFO - After call to select_fields util
2023-12-10 20:20:53,319 - INFO - Calling select_fields util
2023-12-10 20:20:53,319 - INFO - After call to select_fields util
2023-12-10 20:20:53,321 - INFO - Calling select_fields util
2023-12-10 20:20:53,321 - INFO - After call to select_fields util
2023-12-10 20:20:53,321 - INFO - Calling select_fields util
2023-12-10 20:20:53,321 - INFO - After call to select_fields util
2023-12-10 20:20:53,321 - INFO - Calling select_fields util
2023-12-10 20:20:53,321 - INFO - After call to select_fields util
2023-12-10 20:20:53,321 - INFO - Calling select_fields util
2023-12-10 20:20:53,321 - INFO - After call to select_fields util
2023-12-10 20:20:53,321 - INFO - Calling select_fields util
2023-12-10 20:20:53,322 - INFO - After call to select_fields util
2023-12-10 20:20:53,322 - INFO - Calling select_fields util
2023-12-10 20:20:53,322 - INFO - After call to select_fields util
2023-12-10 20:20:53,322 - INFO - Processed recent comments successfully
2023-12-10 20:21:40,831 - INFO - Fetching recent comments
2023-12-10 20:21:40,977 - INFO - Id_list fetched from given Title
2023-12-10 20:21:41,198 - INFO - Comment_list fetched from given Ids
2023-12-10 20:21:41,275 - INFO - Polarity info sorted by created_at fetched for given comments
2023-12-10 20:21:41,275 - INFO - Processed recent comments successfully
2023-12-10 20:22:15,989 - INFO - Fetching recent comments
2023-12-10 20:22:16,304 - ERROR - Error processing comments date range: name 'titile' is not defined
2023-12-10 20:24:07,852 - INFO - Fetching recent comments
2023-12-10 20:24:08,313 - INFO - Processed comments date range successfully
2023-12-10 21:33:49,269 - INFO - Fetching recent comments
2023-12-10 21:33:49,812 - INFO - Processed comments date range successfully
2023-12-10 21:38:01,470 - INFO - Fetching recent comments
2023-12-10 21:38:01,646 - INFO - Processed comments date range successfully
2023-12-10 21:38:09,221 - INFO - Fetching recent comments
2023-12-10 21:38:09,222 - ERROR - Error processing comments date range: Invalid Input Dates: Start and End date must follow YYYY-MM-DD. Also, End date should be greater than Start Date
2023-12-10 17:47:15,781 - INFO - Fetching recent comments
2023-12-10 17:47:15,785 - ERROR - Error processing recent comments: HTTPConnectionPool(host='0.0.0.0', port=8080): Max retries exceeded with url: /api/v1/subfeddits/?skip=0&limit=10 (Caused by NewConnectionError('<urllib3.connection.HTTPConnection object at 0xffffb43a0ca0>: Failed to establish a new connection: [Errno 111] Connection refused'))
2023-12-10 17:56:38,934 - INFO - Fetching recent comments
2023-12-10 17:59:30,433 - INFO - Fetching recent comments
2023-12-10 17:59:30,438 - ERROR - Error processing recent comments: HTTPConnectionPool(host='0.0.0.0', port=8080): Max retries exceeded with url: /api/v1/subfeddits/?skip=0&limit=10 (Caused by NewConnectionError('<urllib3.connection.HTTPConnection object at 0xffffae34f400>: Failed to establish a new connection: [Errno 111] Connection refused'))
2023-12-10 18:16:41,187 - INFO - Fetching recent comments
2023-12-10 18:16:41,201 - ERROR - Error processing recent comments: HTTPConnectionPool(host='0.0.0.0', port=8080): Max retries exceeded with url: /api/v1/subfeddits/?skip=0&limit=10 (Caused by NewConnectionError('<urllib3.connection.HTTPConnection object at 0xffffaf0f0bb0>: Failed to establish a new connection: [Errno 111] Connection refused'))
2023-12-10 23:47:36,467 - INFO - Fetching recent comments
2023-12-10 23:47:36,490 - ERROR - Error processing recent comments: HTTPConnectionPool(host='0.0.0.0', port=8080): Max retries exceeded with url: /api/v1/subfeddits/?skip=0&limit=10 (Caused by NewConnectionError('<urllib3.connection.HTTPConnection object at 0x7fdd69a8c7d0>: Failed to establish a new connection: [Errno 61] Connection refused'))
2023-12-10 23:48:45,521 - INFO - Fetching recent comments
2023-12-10 23:48:45,533 - ERROR - Error processing recent comments: ('Connection aborted.', RemoteDisconnected('Remote end closed connection without response'))
2023-12-10 23:48:59,816 - INFO - Fetching recent comments
2023-12-10 23:48:59,837 - ERROR - Error processing recent comments: ('Connection aborted.', RemoteDisconnected('Remote end closed connection without response'))
2023-12-10 23:49:20,471 - INFO - Fetching recent comments
2023-12-10 23:49:20,473 - ERROR - Error processing comments date range: strptime() argument 1 must be str, not None
2023-12-10 23:49:29,993 - INFO - Fetching recent comments
2023-12-10 23:49:30,146 - INFO - Processed recent comments successfully
2023-12-10 23:50:05,047 - INFO - Fetching recent comments
2023-12-10 23:50:05,203 - INFO - Processed recent comments successfully
2023-12-10 23:50:06,643 - INFO - Fetching recent comments
2023-12-10 23:50:06,766 - INFO - Processed recent comments successfully
2023-12-10 23:58:42,291 - ERROR - Error processing recent comments: 
2023-12-11 00:03:18,941 - INFO - Fetching recent comments
2023-12-11 00:03:19,550 - INFO - Processed recent comments successfully
2023-12-11 22:52:16,466 - INFO - Fetching recent comments
2023-12-11 22:52:16,487 - ERROR - Error processing recent comments: HTTPConnectionPool(host='0.0.0.0', port=8080): Max retries exceeded with url: /api/v1/subfeddits/?skip=0&limit=10 (Caused by NewConnectionError('<urllib3.connection.HTTPConnection object at 0x7fee80010e50>: Failed to establish a new connection: [Errno 61] Connection refused'))
